<?xml version="1.0" encoding="UTF-8"?>
<!-- Generated by org.testng.reporters.JUnitXMLReporter -->
<testsuite ignored="0" hostname="TejiDhoot" failures="0" tests="2" name="Default test" time="42.802" errors="0" timestamp="2021-05-07T13:47:50 EDT">
  <testcase classname="org.web.automation.testcases.TC_005_ShoppingCartFunctionality" name="tc_006_placeOrderFromCartForSignedOutUser" time="14.65"/>
  <testcase classname="org.web.automation.testcases.TC_005_ShoppingCartFunctionality" name="tc_007_placeOrderFromCartForSignedInUser" time="22.47"/>
</testsuite> <!-- Default test -->
